#
# There is insufficient memory for the Java Runtime Environment to continue.
# Native memory allocation (malloc) failed to allocate 1632592 bytes for Chunk::new
# Possible reasons:
#   The system is out of physical RAM or swap space
#   The process is running with CompressedOops enabled, and the Java Heap may be blocking the growth of the native heap
# Possible solutions:
#   Reduce memory load on the system
#   Increase physical memory or swap space
#   Check if swap backing store is full
#   Decrease Java heap size (-Xmx/-Xms)
#   Decrease number of Java threads
#   Decrease Java thread stack sizes (-Xss)
#   Set larger code cache with -XX:ReservedCodeCacheSize=
#   JVM is running with Unscaled Compressed Oops mode in which the Java heap is
#     placed in the first 4GB address space. The Java Heap base address is the
#     maximum limit for the native heap growth. Please use -XX:HeapBaseMinAddress
#     to set the Java Heap base and to place the Java Heap above 4GB virtual address.
# This output file may be truncated or incomplete.
#
#  Out of Memory Error (arena.cpp:184), pid=1972, tid=2648
#
# JRE version: OpenJDK Runtime Environment (19.0.2+7) (build 19.0.2+7-44)
# Java VM: OpenJDK 64-Bit Server VM (19.0.2+7-44, mixed mode, sharing, tiered, compressed oops, compressed class ptrs, g1 gc, windows-amd64)
# No core dump will be written. Minidumps are not enabled by default on client versions of Windows
#

---------------  S U M M A R Y ------------

Command Line: -javaagent:C:\Program Files\JetBrains\IntelliJ IDEA Community Edition 2022.2.1\lib\idea_rt.jar=49184:C:\Program Files\JetBrains\IntelliJ IDEA Community Edition 2022.2.1\bin -Dfile.encoding=UTF-8 -Dsun.stdout.encoding=UTF-8 -Dsun.stderr.encoding=UTF-8 co.develhope.interceptorsmiddleware2.InterceptorsMiddleware2Application

Host: Intel(R) Celeron(R) CPU B830 @ 1.80GHz, 2 cores, 5G,  Windows 10 , 64 bit Build 19041 (10.0.19041.2913)
Time: Tue May 16 13:52:13 2023 ora legale Europa occidentale elapsed time: 5.579823 seconds (0d 0h 0m 5s)

---------------  T H R E A D  ---------------

Current thread (0x000001aa7be8bbd0):  JavaThread "C2 CompilerThread0" daemon [_thread_in_native, id=2648, stack(0x0000002bb8000000,0x0000002bb8100000)]


Current CompileTask:
C2:   5579 2727   !   4       jdk.internal.loader.BuiltinClassLoader::loadClassOrNull (143 bytes)

Stack: [0x0000002bb8000000,0x0000002bb8100000]
Native frames: (J=compiled Java code, j=interpreted, Vv=VM code, C=native code)
V  [jvm.dll+0x6ee21a]
V  [jvm.dll+0x85765e]
V  [jvm.dll+0x85904e]
V  [jvm.dll+0x859703]
V  [jvm.dll+0x28298f]
V  [jvm.dll+0xc9adf]
V  [jvm.dll+0xc9e65]
V  [jvm.dll+0x3bca4c]
V  [jvm.dll+0x1ee29a]
V  [jvm.dll+0x24c52b]
V  [jvm.dll+0x24b781]
V  [jvm.dll+0x1d6ce1]
V  [jvm.dll+0x25b25a]
V  [jvm.dll+0x2596e8]
V  [jvm.dll+0x807588]
V  [jvm.dll+0x80125a]
V  [jvm.dll+0x6ecf0b]
C  [ucrtbase.dll+0x21bb2]
C  [KERNEL32.DLL+0x17614]
C  [ntdll.dll+0x526a1]


---------------  P R O C E S S  ---------------

Threads class SMR info:
_java_thread_list=0x000001aa140f12e0, length=15, elements={
0x000001aa6e66f450, 0x000001aa7be7c520, 0x000001aa7be7d4b0, 0x000001aa7be819d0,
0x000001aa7be868d0, 0x000001aa7be87b40, 0x000001aa7be89620, 0x000001aa7be8bbd0,
0x000001aa7be92580, 0x000001aa7be947e0, 0x000001aa131929d0, 0x000001aa133e9530,
0x000001aa133e9a70, 0x000001aa13722bf0, 0x000001aa13723950
}

Java Threads: ( => current thread )
  0x000001aa6e66f450 JavaThread "main" [_thread_blocked, id=7684, stack(0x0000002bb7200000,0x0000002bb7300000)]
  0x000001aa7be7c520 JavaThread "Reference Handler" daemon [_thread_blocked, id=4640, stack(0x0000002bb7a00000,0x0000002bb7b00000)]
  0x000001aa7be7d4b0 JavaThread "Finalizer" daemon [_thread_blocked, id=5708, stack(0x0000002bb7b00000,0x0000002bb7c00000)]
  0x000001aa7be819d0 JavaThread "Signal Dispatcher" daemon [_thread_blocked, id=8012, stack(0x0000002bb7c00000,0x0000002bb7d00000)]
  0x000001aa7be868d0 JavaThread "Attach Listener" daemon [_thread_blocked, id=4284, stack(0x0000002bb7d00000,0x0000002bb7e00000)]
  0x000001aa7be87b40 JavaThread "Service Thread" daemon [_thread_blocked, id=4760, stack(0x0000002bb7e00000,0x0000002bb7f00000)]
  0x000001aa7be89620 JavaThread "Monitor Deflation Thread" daemon [_thread_blocked, id=2864, stack(0x0000002bb7f00000,0x0000002bb8000000)]
=>0x000001aa7be8bbd0 JavaThread "C2 CompilerThread0" daemon [_thread_in_native, id=2648, stack(0x0000002bb8000000,0x0000002bb8100000)]
  0x000001aa7be92580 JavaThread "C1 CompilerThread0" daemon [_thread_blocked, id=2928, stack(0x0000002bb8100000,0x0000002bb8200000)]
  0x000001aa7be947e0 JavaThread "Sweeper thread" daemon [_thread_blocked, id=6380, stack(0x0000002bb8200000,0x0000002bb8300000)]
  0x000001aa131929d0 JavaThread "Common-Cleaner" daemon [_thread_blocked, id=512, stack(0x0000002bb8300000,0x0000002bb8400000)]
  0x000001aa133e9530 JavaThread "Monitor Ctrl-Break" daemon [_thread_in_native, id=5176, stack(0x0000002bb8400000,0x0000002bb8500000)]
  0x000001aa133e9a70 JavaThread "Notification Thread" daemon [_thread_blocked, id=4968, stack(0x0000002bb8500000,0x0000002bb8600000)]
  0x000001aa13722bf0 JavaThread "Thread-0" [_thread_blocked, id=1708, stack(0x0000002bb8900000,0x0000002bb8a00000)]
  0x000001aa13723950 JavaThread "restartedMain" [_thread_in_Java, id=2772, stack(0x0000002bb8800000,0x0000002bb8900000)]

Other Threads:
  0x000001aa7be64b90 VMThread "VM Thread" [stack: 0x0000002bb7900000,0x0000002bb7a00000] [id=2136]
  0x000001aa6e670470 WatcherThread "VM Periodic Task Thread" [stack: 0x0000002bb8600000,0x0000002bb8700000] [id=5580]
  0x000001aa6e6bdaf0 WorkerThread "GC Thread#0" [stack: 0x0000002bb7400000,0x0000002bb7500000] [id=5432]
  0x000001aa13561250 WorkerThread "GC Thread#1" [stack: 0x0000002bb8700000,0x0000002bb8800000] [id=2372]
  0x000001aa6e6cbb30 ConcurrentGCThread "G1 Main Marker" [stack: 0x0000002bb7500000,0x0000002bb7600000] [id=7772]
  0x000001aa6e6cc700 WorkerThread "G1 Conc#0" [stack: 0x0000002bb7600000,0x0000002bb7700000] [id=7536]
  0x000001aa6e72df00 ConcurrentGCThread "G1 Refine#0" [stack: 0x0000002bb7700000,0x0000002bb7800000] [id=4328]
  0x000001aa6e72ebe0 ConcurrentGCThread "G1 Service" [stack: 0x0000002bb7800000,0x0000002bb7900000] [id=5944]

Threads with active compile tasks:
C2 CompilerThread0     5610 2727   !   4       jdk.internal.loader.BuiltinClassLoader::loadClassOrNull (143 bytes)

VM state: not at safepoint (normal execution)

VM Mutex/Monitor currently owned by a thread: None

Heap address: 0x00000000a1a00000, size: 1510 MB, Compressed Oops mode: 32-bit

CDS archive(s) mapped at: [0x0000000800000000-0x0000000800c40000-0x0000000800c40000), size 12845056, SharedBaseAddress: 0x0000000800000000, ArchiveRelocationMode: 0.
Compressed class space mapped at: 0x0000000801000000-0x0000000841000000, reserved size: 1073741824
Narrow klass base: 0x0000000800000000, Narrow klass shift: 0, Narrow klass range: 0x100000000

GC Precious Log:
 CardTable entry size: 512
 Card Set container configuration: InlinePtr #cards 5 size 8 Array Of Cards #cards 12 size 40 Howl #buckets 4 coarsen threshold 1843 Howl Bitmap #cards 512 size 80 coarsen threshold 460 Card regions per heap region 1 cards per card region 2048
 CPUs: 2 total, 2 available
 Memory: 6033M
 Large Page Support: Disabled
 NUMA Support: Disabled
 Compressed Oops: Enabled (32-bit)
 Heap Region Size: 1M
 Heap Min Capacity: 8M
 Heap Initial Capacity: 96M
 Heap Max Capacity: 1510M
 Pre-touch: Disabled
 Parallel Workers: 2
 Concurrent Workers: 1
 Concurrent Refinement Workers: 2
 Periodic GC: Disabled

Heap:
 garbage-first heap   total 98304K, used 27256K [0x00000000a1a00000, 0x0000000100000000)
  region size 1024K, 26 young (26624K), 5 survivors (5120K)
 Metaspace       used 19799K, committed 20160K, reserved 1114112K
  class space    used 2333K, committed 2496K, reserved 1048576K

Heap Regions: E=young(eden), S=young(survivor), O=old, HS=humongous(starts), HC=humongous(continues), CS=collection set, F=free, OA=open archive, CA=closed archive, TAMS=top-at-mark-start (previous, next)
|   0|0x00000000a1a00000, 0x00000000a1b00000, 0x00000000a1b00000|100%| O|  |TAMS 0x00000000a1a00000, 0x00000000a1a00000| Untracked 
|   1|0x00000000a1b00000, 0x00000000a1c00000, 0x00000000a1c00000|100%| O|  |TAMS 0x00000000a1b00000, 0x00000000a1b00000| Untracked 
|   2|0x00000000a1c00000, 0x00000000a1cd2a00, 0x00000000a1d00000| 82%| O|  |TAMS 0x00000000a1c00000, 0x00000000a1c00000| Untracked 
|   3|0x00000000a1d00000, 0x00000000a1d00000, 0x00000000a1e00000|  0%| F|  |TAMS 0x00000000a1d00000, 0x00000000a1d00000| Untracked 
|   4|0x00000000a1e00000, 0x00000000a1e00000, 0x00000000a1f00000|  0%| F|  |TAMS 0x00000000a1e00000, 0x00000000a1e00000| Untracked 
|   5|0x00000000a1f00000, 0x00000000a1f00000, 0x00000000a2000000|  0%| F|  |TAMS 0x00000000a1f00000, 0x00000000a1f00000| Untracked 
|   6|0x00000000a2000000, 0x00000000a2000000, 0x00000000a2100000|  0%| F|  |TAMS 0x00000000a2000000, 0x00000000a2000000| Untracked 
|   7|0x00000000a2100000, 0x00000000a2100000, 0x00000000a2200000|  0%| F|  |TAMS 0x00000000a2100000, 0x00000000a2100000| Untracked 
|   8|0x00000000a2200000, 0x00000000a2200000, 0x00000000a2300000|  0%| F|  |TAMS 0x00000000a2200000, 0x00000000a2200000| Untracked 
|   9|0x00000000a2300000, 0x00000000a2300000, 0x00000000a2400000|  0%| F|  |TAMS 0x00000000a2300000, 0x00000000a2300000| Untracked 
|  10|0x00000000a2400000, 0x00000000a2400000, 0x00000000a2500000|  0%| F|  |TAMS 0x00000000a2400000, 0x00000000a2400000| Untracked 
|  11|0x00000000a2500000, 0x00000000a2500000, 0x00000000a2600000|  0%| F|  |TAMS 0x00000000a2500000, 0x00000000a2500000| Untracked 
|  12|0x00000000a2600000, 0x00000000a2600000, 0x00000000a2700000|  0%| F|  |TAMS 0x00000000a2600000, 0x00000000a2600000| Untracked 
|  13|0x00000000a2700000, 0x00000000a2700000, 0x00000000a2800000|  0%| F|  |TAMS 0x00000000a2700000, 0x00000000a2700000| Untracked 
|  14|0x00000000a2800000, 0x00000000a2800000, 0x00000000a2900000|  0%| F|  |TAMS 0x00000000a2800000, 0x00000000a2800000| Untracked 
|  15|0x00000000a2900000, 0x00000000a2900000, 0x00000000a2a00000|  0%| F|  |TAMS 0x00000000a2900000, 0x00000000a2900000| Untracked 
|  16|0x00000000a2a00000, 0x00000000a2a00000, 0x00000000a2b00000|  0%| F|  |TAMS 0x00000000a2a00000, 0x00000000a2a00000| Untracked 
|  17|0x00000000a2b00000, 0x00000000a2b00000, 0x00000000a2c00000|  0%| F|  |TAMS 0x00000000a2b00000, 0x00000000a2b00000| Untracked 
|  18|0x00000000a2c00000, 0x00000000a2c00000, 0x00000000a2d00000|  0%| F|  |TAMS 0x00000000a2c00000, 0x00000000a2c00000| Untracked 
|  19|0x00000000a2d00000, 0x00000000a2d00000, 0x00000000a2e00000|  0%| F|  |TAMS 0x00000000a2d00000, 0x00000000a2d00000| Untracked 
|  20|0x00000000a2e00000, 0x00000000a2e00000, 0x00000000a2f00000|  0%| F|  |TAMS 0x00000000a2e00000, 0x00000000a2e00000| Untracked 
|  21|0x00000000a2f00000, 0x00000000a2f00000, 0x00000000a3000000|  0%| F|  |TAMS 0x00000000a2f00000, 0x00000000a2f00000| Untracked 
|  22|0x00000000a3000000, 0x00000000a3000000, 0x00000000a3100000|  0%| F|  |TAMS 0x00000000a3000000, 0x00000000a3000000| Untracked 
|  23|0x00000000a3100000, 0x00000000a3100000, 0x00000000a3200000|  0%| F|  |TAMS 0x00000000a3100000, 0x00000000a3100000| Untracked 
|  24|0x00000000a3200000, 0x00000000a3200000, 0x00000000a3300000|  0%| F|  |TAMS 0x00000000a3200000, 0x00000000a3200000| Untracked 
|  25|0x00000000a3300000, 0x00000000a3300000, 0x00000000a3400000|  0%| F|  |TAMS 0x00000000a3300000, 0x00000000a3300000| Untracked 
|  26|0x00000000a3400000, 0x00000000a3400000, 0x00000000a3500000|  0%| F|  |TAMS 0x00000000a3400000, 0x00000000a3400000| Untracked 
|  27|0x00000000a3500000, 0x00000000a3500000, 0x00000000a3600000|  0%| F|  |TAMS 0x00000000a3500000, 0x00000000a3500000| Untracked 
|  28|0x00000000a3600000, 0x00000000a3600000, 0x00000000a3700000|  0%| F|  |TAMS 0x00000000a3600000, 0x00000000a3600000| Untracked 
|  29|0x00000000a3700000, 0x00000000a3700000, 0x00000000a3800000|  0%| F|  |TAMS 0x00000000a3700000, 0x00000000a3700000| Untracked 
|  30|0x00000000a3800000, 0x00000000a3800000, 0x00000000a3900000|  0%| F|  |TAMS 0x00000000a3800000, 0x00000000a3800000| Untracked 
|  31|0x00000000a3900000, 0x00000000a3900000, 0x00000000a3a00000|  0%| F|  |TAMS 0x00000000a3900000, 0x00000000a3900000| Untracked 
|  32|0x00000000a3a00000, 0x00000000a3a00000, 0x00000000a3b00000|  0%| F|  |TAMS 0x00000000a3a00000, 0x00000000a3a00000| Untracked 
|  33|0x00000000a3b00000, 0x00000000a3b00000, 0x00000000a3c00000|  0%| F|  |TAMS 0x00000000a3b00000, 0x00000000a3b00000| Untracked 
|  34|0x00000000a3c00000, 0x00000000a3c00000, 0x00000000a3d00000|  0%| F|  |TAMS 0x00000000a3c00000, 0x00000000a3c00000| Untracked 
|  35|0x00000000a3d00000, 0x00000000a3d00000, 0x00000000a3e00000|  0%| F|  |TAMS 0x00000000a3d00000, 0x00000000a3d00000| Untracked 
|  36|0x00000000a3e00000, 0x00000000a3e00000, 0x00000000a3f00000|  0%| F|  |TAMS 0x00000000a3e00000, 0x00000000a3e00000| Untracked 
|  37|0x00000000a3f00000, 0x00000000a3f00000, 0x00000000a4000000|  0%| F|  |TAMS 0x00000000a3f00000, 0x00000000a3f00000| Untracked 
|  38|0x00000000a4000000, 0x00000000a4000000, 0x00000000a4100000|  0%| F|  |TAMS 0x00000000a4000000, 0x00000000a4000000| Untracked 
|  39|0x00000000a4100000, 0x00000000a4100000, 0x00000000a4200000|  0%| F|  |TAMS 0x00000000a4100000, 0x00000000a4100000| Untracked 
|  40|0x00000000a4200000, 0x00000000a4200000, 0x00000000a4300000|  0%| F|  |TAMS 0x00000000a4200000, 0x00000000a4200000| Untracked 
|  41|0x00000000a4300000, 0x00000000a4300000, 0x00000000a4400000|  0%| F|  |TAMS 0x00000000a4300000, 0x00000000a4300000| Untracked 
|  42|0x00000000a4400000, 0x00000000a4400000, 0x00000000a4500000|  0%| F|  |TAMS 0x00000000a4400000, 0x00000000a4400000| Untracked 
|  43|0x00000000a4500000, 0x00000000a4500000, 0x00000000a4600000|  0%| F|  |TAMS 0x00000000a4500000, 0x00000000a4500000| Untracked 
|  44|0x00000000a4600000, 0x00000000a4600000, 0x00000000a4700000|  0%| F|  |TAMS 0x00000000a4600000, 0x00000000a4600000| Untracked 
|  45|0x00000000a4700000, 0x00000000a4700000, 0x00000000a4800000|  0%| F|  |TAMS 0x00000000a4700000, 0x00000000a4700000| Untracked 
|  46|0x00000000a4800000, 0x00000000a4800000, 0x00000000a4900000|  0%| F|  |TAMS 0x00000000a4800000, 0x00000000a4800000| Untracked 
|  47|0x00000000a4900000, 0x00000000a4900000, 0x00000000a4a00000|  0%| F|  |TAMS 0x00000000a4900000, 0x00000000a4900000| Untracked 
|  48|0x00000000a4a00000, 0x00000000a4a00000, 0x00000000a4b00000|  0%| F|  |TAMS 0x00000000a4a00000, 0x00000000a4a00000| Untracked 
|  49|0x00000000a4b00000, 0x00000000a4bcb980, 0x00000000a4c00000| 79%| S|CS|TAMS 0x00000000a4b00000, 0x00000000a4b00000| Complete 
|  50|0x00000000a4c00000, 0x00000000a4d00000, 0x00000000a4d00000|100%| S|CS|TAMS 0x00000000a4c00000, 0x00000000a4c00000| Complete 
|  51|0x00000000a4d00000, 0x00000000a4e00000, 0x00000000a4e00000|100%| S|CS|TAMS 0x00000000a4d00000, 0x00000000a4d00000| Complete 
|  52|0x00000000a4e00000, 0x00000000a4f00000, 0x00000000a4f00000|100%| S|CS|TAMS 0x00000000a4e00000, 0x00000000a4e00000| Complete 
|  53|0x00000000a4f00000, 0x00000000a5000000, 0x00000000a5000000|100%| S|CS|TAMS 0x00000000a4f00000, 0x00000000a4f00000| Complete 
|  54|0x00000000a5000000, 0x00000000a5000000, 0x00000000a5100000|  0%| F|  |TAMS 0x00000000a5000000, 0x00000000a5000000| Untracked 
|  55|0x00000000a5100000, 0x00000000a5100000, 0x00000000a5200000|  0%| F|  |TAMS 0x00000000a5100000, 0x00000000a5100000| Untracked 
|  56|0x00000000a5200000, 0x00000000a5200000, 0x00000000a5300000|  0%| F|  |TAMS 0x00000000a5200000, 0x00000000a5200000| Untracked 
|  57|0x00000000a5300000, 0x00000000a5300000, 0x00000000a5400000|  0%| F|  |TAMS 0x00000000a5300000, 0x00000000a5300000| Untracked 
|  58|0x00000000a5400000, 0x00000000a5400000, 0x00000000a5500000|  0%| F|  |TAMS 0x00000000a5400000, 0x00000000a5400000| Untracked 
|  59|0x00000000a5500000, 0x00000000a5500000, 0x00000000a5600000|  0%| F|  |TAMS 0x00000000a5500000, 0x00000000a5500000| Untracked 
|  60|0x00000000a5600000, 0x00000000a5600000, 0x00000000a5700000|  0%| F|  |TAMS 0x00000000a5600000, 0x00000000a5600000| Untracked 
|  61|0x00000000a5700000, 0x00000000a5700000, 0x00000000a5800000|  0%| F|  |TAMS 0x00000000a5700000, 0x00000000a5700000| Untracked 
|  62|0x00000000a5800000, 0x00000000a5800000, 0x00000000a5900000|  0%| F|  |TAMS 0x00000000a5800000, 0x00000000a5800000| Untracked 
|  63|0x00000000a5900000, 0x00000000a5900000, 0x00000000a5a00000|  0%| F|  |TAMS 0x00000000a5900000, 0x00000000a5900000| Untracked 
|  64|0x00000000a5a00000, 0x00000000a5a00000, 0x00000000a5b00000|  0%| F|  |TAMS 0x00000000a5a00000, 0x00000000a5a00000| Untracked 
|  65|0x00000000a5b00000, 0x00000000a5b00000, 0x00000000a5c00000|  0%| F|  |TAMS 0x00000000a5b00000, 0x00000000a5b00000| Untracked 
|  66|0x00000000a5c00000, 0x00000000a5c00000, 0x00000000a5d00000|  0%| F|  |TAMS 0x00000000a5c00000, 0x00000000a5c00000| Untracked 
|  67|0x00000000a5d00000, 0x00000000a5d00000, 0x00000000a5e00000|  0%| F|  |TAMS 0x00000000a5d00000, 0x00000000a5d00000| Untracked 
|  68|0x00000000a5e00000, 0x00000000a5e00000, 0x00000000a5f00000|  0%| F|  |TAMS 0x00000000a5e00000, 0x00000000a5e00000| Untracked 
|  69|0x00000000a5f00000, 0x00000000a5f00000, 0x00000000a6000000|  0%| F|  |TAMS 0x00000000a5f00000, 0x00000000a5f00000| Untracked 
|  70|0x00000000a6000000, 0x00000000a6000000, 0x00000000a6100000|  0%| F|  |TAMS 0x00000000a6000000, 0x00000000a6000000| Untracked 
|  71|0x00000000a6100000, 0x00000000a6100000, 0x00000000a6200000|  0%| F|  |TAMS 0x00000000a6100000, 0x00000000a6100000| Untracked 
|  72|0x00000000a6200000, 0x00000000a6200000, 0x00000000a6300000|  0%| F|  |TAMS 0x00000000a6200000, 0x00000000a6200000| Untracked 
|  73|0x00000000a6300000, 0x00000000a6300000, 0x00000000a6400000|  0%| F|  |TAMS 0x00000000a6300000, 0x00000000a6300000| Untracked 
|  74|0x00000000a6400000, 0x00000000a6400000, 0x00000000a6500000|  0%| F|  |TAMS 0x00000000a6400000, 0x00000000a6400000| Untracked 
|  75|0x00000000a6500000, 0x00000000a659bad0, 0x00000000a6600000| 60%| E|  |TAMS 0x00000000a6500000, 0x00000000a6500000| Complete 
|  76|0x00000000a6600000, 0x00000000a6700000, 0x00000000a6700000|100%| E|CS|TAMS 0x00000000a6600000, 0x00000000a6600000| Complete 
|  77|0x00000000a6700000, 0x00000000a6800000, 0x00000000a6800000|100%| E|CS|TAMS 0x00000000a6700000, 0x00000000a6700000| Complete 
|  78|0x00000000a6800000, 0x00000000a6900000, 0x00000000a6900000|100%| E|CS|TAMS 0x00000000a6800000, 0x00000000a6800000| Complete 
|  79|0x00000000a6900000, 0x00000000a6a00000, 0x00000000a6a00000|100%| E|  |TAMS 0x00000000a6900000, 0x00000000a6900000| Complete 
|  80|0x00000000a6a00000, 0x00000000a6b00000, 0x00000000a6b00000|100%| E|CS|TAMS 0x00000000a6a00000, 0x00000000a6a00000| Complete 
|  81|0x00000000a6b00000, 0x00000000a6c00000, 0x00000000a6c00000|100%| E|CS|TAMS 0x00000000a6b00000, 0x00000000a6b00000| Complete 
|  82|0x00000000a6c00000, 0x00000000a6d00000, 0x00000000a6d00000|100%| E|CS|TAMS 0x00000000a6c00000, 0x00000000a6c00000| Complete 
|  83|0x00000000a6d00000, 0x00000000a6e00000, 0x00000000a6e00000|100%| E|CS|TAMS 0x00000000a6d00000, 0x00000000a6d00000| Complete 
|  84|0x00000000a6e00000, 0x00000000a6f00000, 0x00000000a6f00000|100%| E|CS|TAMS 0x00000000a6e00000, 0x00000000a6e00000| Complete 
|  85|0x00000000a6f00000, 0x00000000a7000000, 0x00000000a7000000|100%| E|CS|TAMS 0x00000000a6f00000, 0x00000000a6f00000| Complete 
|  86|0x00000000a7000000, 0x00000000a7100000, 0x00000000a7100000|100%| E|CS|TAMS 0x00000000a7000000, 0x00000000a7000000| Complete 
|  87|0x00000000a7100000, 0x00000000a7200000, 0x00000000a7200000|100%| E|CS|TAMS 0x00000000a7100000, 0x00000000a7100000| Complete 
|  88|0x00000000a7200000, 0x00000000a7300000, 0x00000000a7300000|100%| E|CS|TAMS 0x00000000a7200000, 0x00000000a7200000| Complete 
|  89|0x00000000a7300000, 0x00000000a7400000, 0x00000000a7400000|100%| E|CS|TAMS 0x00000000a7300000, 0x00000000a7300000| Complete 
|  90|0x00000000a7400000, 0x00000000a7500000, 0x00000000a7500000|100%| E|CS|TAMS 0x00000000a7400000, 0x00000000a7400000| Complete 
|  91|0x00000000a7500000, 0x00000000a7600000, 0x00000000a7600000|100%| E|CS|TAMS 0x00000000a7500000, 0x00000000a7500000| Complete 
|  92|0x00000000a7600000, 0x00000000a7700000, 0x00000000a7700000|100%| E|CS|TAMS 0x00000000a7600000, 0x00000000a7600000| Complete 
|  93|0x00000000a7700000, 0x00000000a7800000, 0x00000000a7800000|100%| E|CS|TAMS 0x00000000a7700000, 0x00000000a7700000| Complete 
|  94|0x00000000a7800000, 0x00000000a7900000, 0x00000000a7900000|100%| E|CS|TAMS 0x00000000a7800000, 0x00000000a7800000| Complete 
|  95|0x00000000a7900000, 0x00000000a7a00000, 0x00000000a7a00000|100%| E|CS|TAMS 0x00000000a7900000, 0x00000000a7900000| Complete 

Card table byte_map: [0x000001aa765d0000,0x000001aa768d0000] _byte_map_base: 0x000001aa760c3000

Marking Bits (Prev, Next): (CMBitMap*) 0x000001aa6e6bf540, (CMBitMap*) 0x000001aa6e6bf580
 Prev Bits: [0x000001aa76bd0000, 0x000001aa78368000)
 Next Bits: [0x000001aa78370000, 0x000001aa79b08000)

Polling page: 0x000001aa6c440000

Metaspace:

Usage:
  Non-class:     17.11 MB used.
      Class:      2.28 MB used.
       Both:     19.39 MB used.

Virtual space:
  Non-class space:       64.00 MB reserved,      17.25 MB ( 27%) committed,  1 nodes.
      Class space:        1.00 GB reserved,       2.44 MB ( <1%) committed,  1 nodes.
             Both:        1.06 GB reserved,      19.69 MB (  2%) committed. 

Chunk freelists:
   Non-Class:  2.12 MB
       Class:  1.61 MB
        Both:  3.73 MB

MaxMetaspaceSize: unlimited
CompressedClassSpaceSize: 1.00 GB
Initial GC threshold: 21.00 MB
Current GC threshold: 21.00 MB
CDS: on
MetaspaceReclaimPolicy: balanced
 - commit_granule_bytes: 65536.
 - commit_granule_words: 8192.
 - virtual_space_node_default_size: 8388608.
 - enlarge_chunks_in_place: 1.
 - new_chunks_are_fully_committed: 0.
 - uncommit_free_chunks: 1.
 - use_allocation_guard: 0.


Internal statistics:

num_allocs_failed_limit: 0.
num_arena_births: 268.
num_arena_deaths: 0.
num_vsnodes_births: 2.
num_vsnodes_deaths: 0.
num_space_committed: 315.
num_space_uncommitted: 0.
num_chunks_returned_to_freelist: 0.
num_chunks_taken_from_freelist: 936.
num_chunk_merges: 0.
num_chunk_splits: 637.
num_chunks_enlarged: 504.
num_inconsistent_stats: 0.

CodeHeap 'non-profiled nmethods': size=120064Kb used=1021Kb max_used=1021Kb free=119042Kb
 bounds [0x000001aa07ac0000, 0x000001aa07d30000, 0x000001aa0f000000]
CodeHeap 'profiled nmethods': size=120000Kb used=6206Kb max_used=6206Kb free=113793Kb
 bounds [0x000001aa00000000, 0x000001aa00610000, 0x000001aa07530000]
CodeHeap 'non-nmethods': size=5696Kb used=1284Kb max_used=1307Kb free=4411Kb
 bounds [0x000001aa07530000, 0x000001aa077a0000, 0x000001aa07ac0000]
 total_blobs=3367 nmethods=2869 adapters=409
 compilation: enabled
              stopped_count=0, restarted_count=0
 full_count=0

Compilation events (20 events):
Event: 5.536 Thread 0x000001aa7be92580 2857       3       java.lang.Package$VersionInfo::<init> (44 bytes)
Event: 5.536 Thread 0x000001aa7be92580 nmethod 2857 0x000001aa005f4b10 code [0x000001aa005f4cc0, 0x000001aa005f50b8]
Event: 5.542 Thread 0x000001aa7be92580 2858       3       java.util.Collections$UnmodifiableMap$UnmodifiableEntrySet$1::hasNext (10 bytes)
Event: 5.542 Thread 0x000001aa7be92580 nmethod 2858 0x000001aa005f5190 code [0x000001aa005f5340, 0x000001aa005f5508]
Event: 5.548 Thread 0x000001aa7be92580 2859       3       java.security.CodeSource::getCertificates (98 bytes)
Event: 5.549 Thread 0x000001aa7be92580 nmethod 2859 0x000001aa005f5610 code [0x000001aa005f5880, 0x000001aa005f6618]
Event: 5.552 Thread 0x000001aa7be92580 2860       3       jdk.internal.reflect.ReflectionFactory::useMethodHandleAccessor (18 bytes)
Event: 5.552 Thread 0x000001aa7be92580 nmethod 2860 0x000001aa005f6910 code [0x000001aa005f6ac0, 0x000001aa005f6c38]
Event: 5.552 Thread 0x000001aa7be92580 2861       3       jdk.internal.reflect.MethodHandleAccessorFactory::useNativeAccessor (74 bytes)
Event: 5.553 Thread 0x000001aa7be92580 nmethod 2861 0x000001aa005f6d10 code [0x000001aa005f6f60, 0x000001aa005f7798]
Event: 5.553 Thread 0x000001aa7be92580 2862       1       java.util.logging.LogManager$LoggerContext::getOwner (5 bytes)
Event: 5.554 Thread 0x000001aa7be92580 nmethod 2862 0x000001aa07bbef10 code [0x000001aa07bbf0a0, 0x000001aa07bbf158]
Event: 5.562 Thread 0x000001aa7be92580 2863       1       sun.nio.fs.WindowsPath::getFileSystem (5 bytes)
Event: 5.562 Thread 0x000001aa7be92580 nmethod 2863 0x000001aa07bbf210 code [0x000001aa07bbf3a0, 0x000001aa07bbf458]
Event: 5.563 Thread 0x000001aa7be92580 2864       3       java.util.jar.JarFile::match (132 bytes)
Event: 5.564 Thread 0x000001aa7be92580 nmethod 2864 0x000001aa005f7a10 code [0x000001aa005f7c00, 0x000001aa005f8178]
Event: 5.566 Thread 0x000001aa7be92580 2865 %     3       java.util.Properties$LineReader::readLine @ 293 (584 bytes)
Event: 5.571 Thread 0x000001aa7be92580 nmethod 2865% 0x000001aa005f8490 code [0x000001aa005f8880, 0x000001aa005fb8b8]
Event: 5.571 Thread 0x000001aa7be92580 2866       3       java.util.Properties$LineReader::readLine (584 bytes)
Event: 5.575 Thread 0x000001aa7be92580 nmethod 2866 0x000001aa005fc710 code [0x000001aa005fcb00, 0x000001aa005ff678]

GC Heap History (8 events):
Event: 0.651 GC heap before
{Heap before GC invocations=0 (full 0):
 garbage-first heap   total 98304K, used 6144K [0x00000000a1a00000, 0x0000000100000000)
  region size 1024K, 6 young (6144K), 0 survivors (0K)
 Metaspace       used 2181K, committed 2304K, reserved 1114112K
  class space    used 186K, committed 256K, reserved 1048576K
}
Event: 0.665 GC heap after
{Heap after GC invocations=1 (full 0):
 garbage-first heap   total 98304K, used 2850K [0x00000000a1a00000, 0x0000000100000000)
  region size 1024K, 1 young (1024K), 1 survivors (1024K)
 Metaspace       used 2181K, committed 2304K, reserved 1114112K
  class space    used 186K, committed 256K, reserved 1048576K
}
Event: 1.098 GC heap before
{Heap before GC invocations=1 (full 0):
 garbage-first heap   total 98304K, used 6946K [0x00000000a1a00000, 0x0000000100000000)
  region size 1024K, 5 young (5120K), 1 survivors (1024K)
 Metaspace       used 3235K, committed 3392K, reserved 1114112K
  class space    used 298K, committed 384K, reserved 1048576K
}
Event: 1.103 GC heap after
{Heap after GC invocations=2 (full 0):
 garbage-first heap   total 98304K, used 3839K [0x00000000a1a00000, 0x0000000100000000)
  region size 1024K, 1 young (1024K), 1 survivors (1024K)
 Metaspace       used 3235K, committed 3392K, reserved 1114112K
  class space    used 298K, committed 384K, reserved 1048576K
}
Event: 1.699 GC heap before
{Heap before GC invocations=2 (full 0):
 garbage-first heap   total 98304K, used 11007K [0x00000000a1a00000, 0x0000000100000000)
  region size 1024K, 9 young (9216K), 1 survivors (1024K)
 Metaspace       used 5790K, committed 5952K, reserved 1114112K
  class space    used 622K, committed 704K, reserved 1048576K
}
Event: 1.712 GC heap after
{Heap after GC invocations=3 (full 0):
 garbage-first heap   total 98304K, used 4914K [0x00000000a1a00000, 0x0000000100000000)
  region size 1024K, 2 young (2048K), 2 survivors (2048K)
 Metaspace       used 5790K, committed 5952K, reserved 1114112K
  class space    used 622K, committed 704K, reserved 1048576K
}
Event: 4.075 GC heap before
{Heap before GC invocations=3 (full 0):
 garbage-first heap   total 98304K, used 44850K [0x00000000a1a00000, 0x0000000100000000)
  region size 1024K, 42 young (43008K), 2 survivors (2048K)
 Metaspace       used 16134K, committed 16320K, reserved 1114112K
  class space    used 1897K, committed 1984K, reserved 1048576K
}
Event: 4.090 GC heap after
{Heap after GC invocations=4 (full 0):
 garbage-first heap   total 98304K, used 7800K [0x00000000a1a00000, 0x0000000100000000)
  region size 1024K, 5 young (5120K), 5 survivors (5120K)
 Metaspace       used 16134K, committed 16320K, reserved 1114112K
  class space    used 1897K, committed 1984K, reserved 1048576K
}

Dll operation events (13 events):
Event: 0.020 Loaded shared library C:\Users\Utente-PC\.jdks\openjdk-19.0.2\bin\java.dll
Event: 0.046 Loaded shared library C:\Users\Utente-PC\.jdks\openjdk-19.0.2\bin\jsvml.dll
Event: 0.225 Loaded shared library C:\Users\Utente-PC\.jdks\openjdk-19.0.2\bin\zip.dll
Event: 0.231 Loaded shared library C:\Users\Utente-PC\.jdks\openjdk-19.0.2\bin\instrument.dll
Event: 0.241 Loaded shared library C:\Users\Utente-PC\.jdks\openjdk-19.0.2\bin\net.dll
Event: 0.243 Loaded shared library C:\Users\Utente-PC\.jdks\openjdk-19.0.2\bin\nio.dll
Event: 0.248 Loaded shared library C:\Users\Utente-PC\.jdks\openjdk-19.0.2\bin\zip.dll
Event: 0.350 Loaded shared library C:\Program Files\JetBrains\IntelliJ IDEA Community Edition 2022.2.1\bin\breakgen64.dll
Event: 0.399 Loaded shared library C:\Users\Utente-PC\.jdks\openjdk-19.0.2\bin\extnet.dll
Event: 0.425 Loaded shared library C:\Users\Utente-PC\.jdks\openjdk-19.0.2\bin\verify.dll
Event: 0.435 Loaded shared library C:\Users\Utente-PC\.jdks\openjdk-19.0.2\bin\jimage.dll
Event: 1.335 Loaded shared library C:\Users\Utente-PC\.jdks\openjdk-19.0.2\bin\management.dll
Event: 1.340 Loaded shared library C:\Users\Utente-PC\.jdks\openjdk-19.0.2\bin\management_ext.dll

Deoptimization events (20 events):
Event: 4.750 Thread 0x000001aa13723950 Uncommon trap: trap_request=0xffffff45 fr.pc=0x000001aa07b4e218 relative=0x00000000000000f8
Event: 4.750 Thread 0x000001aa13723950 Uncommon trap: reason=unstable_if action=reinterpret pc=0x000001aa07b4e218 method=java.util.Arrays.equals([Ljava/lang/Object;[Ljava/lang/Object;)Z @ 44 c2
Event: 4.750 Thread 0x000001aa13723950 DEOPT PACKING pc=0x000001aa07b4e218 sp=0x0000002bb88fdfc0
Event: 4.750 Thread 0x000001aa13723950 DEOPT UNPACKING pc=0x000001aa07596d9d sp=0x0000002bb88fdf60 mode 2
Event: 5.277 Thread 0x000001aa13723950 Uncommon trap: trap_request=0xffffff45 fr.pc=0x000001aa07ba6cd0 relative=0x00000000000002f0
Event: 5.277 Thread 0x000001aa13723950 Uncommon trap: reason=unstable_if action=reinterpret pc=0x000001aa07ba6cd0 method=org.springframework.beans.factory.support.AbstractBeanFactory.getMergedLocalBeanDefinition(Ljava/lang/String;)Lorg/springframework/beans/factory/support/RootBeanDefinition; 
Event: 5.277 Thread 0x000001aa13723950 DEOPT PACKING pc=0x000001aa07ba6cd0 sp=0x0000002bb88feea0
Event: 5.277 Thread 0x000001aa13723950 DEOPT UNPACKING pc=0x000001aa07596d9d sp=0x0000002bb88fee58 mode 2
Event: 5.384 Thread 0x000001aa13723950 Uncommon trap: trap_request=0xffffff45 fr.pc=0x000001aa07bb45bc relative=0x000000000000029c
Event: 5.384 Thread 0x000001aa13723950 Uncommon trap: reason=unstable_if action=reinterpret pc=0x000001aa07bb45bc method=org.springframework.beans.factory.support.DefaultSingletonBeanRegistry.getSingleton(Ljava/lang/String;Z)Ljava/lang/Object; @ 20 c2
Event: 5.384 Thread 0x000001aa13723950 DEOPT PACKING pc=0x000001aa07bb45bc sp=0x0000002bb88fda90
Event: 5.384 Thread 0x000001aa13723950 DEOPT UNPACKING pc=0x000001aa07596d9d sp=0x0000002bb88fda28 mode 2
Event: 5.480 Thread 0x000001aa13723950 Uncommon trap: trap_request=0xffffff45 fr.pc=0x000001aa07b58e34 relative=0x0000000000000974
Event: 5.480 Thread 0x000001aa13723950 Uncommon trap: reason=unstable_if action=reinterpret pc=0x000001aa07b58e34 method=jdk.internal.org.objectweb.asm.Frame.execute(IILjdk/internal/org/objectweb/asm/Symbol;Ljdk/internal/org/objectweb/asm/SymbolTable;)V @ 1 c2
Event: 5.480 Thread 0x000001aa13723950 DEOPT PACKING pc=0x000001aa07b58e34 sp=0x0000002bb88fd260
Event: 5.481 Thread 0x000001aa13723950 DEOPT UNPACKING pc=0x000001aa07596d9d sp=0x0000002bb88fd1c8 mode 2
Event: 5.566 Thread 0x000001aa13723950 Uncommon trap: trap_request=0xffffff45 fr.pc=0x000001aa07b81098 relative=0x0000000000000a58
Event: 5.566 Thread 0x000001aa13723950 Uncommon trap: reason=unstable_if action=reinterpret pc=0x000001aa07b81098 method=java.util.Properties$LineReader.readLine()I @ 25 c2
Event: 5.566 Thread 0x000001aa13723950 DEOPT PACKING pc=0x000001aa07b81098 sp=0x0000002bb88fcf50
Event: 5.566 Thread 0x000001aa13723950 DEOPT UNPACKING pc=0x000001aa07596d9d sp=0x0000002bb88fcee8 mode 2

Classes loaded (20 events):
Event: 5.558 Loading class java/util/ImmutableCollections$Access$1
Event: 5.558 Loading class jdk/internal/access/JavaUtilCollectionAccess
Event: 5.558 Loading class jdk/internal/access/JavaUtilCollectionAccess done
Event: 5.558 Loading class java/util/ImmutableCollections$Access$1 done
Event: 5.559 Loading class java/util/stream/Nodes$SpinedNodeBuilder
Event: 5.559 Loading class java/util/stream/Nodes$SpinedNodeBuilder done
Event: 5.560 Loading class java/util/ResourceBundle$CacheKey
Event: 5.560 Loading class java/util/ResourceBundle$CacheKey done
Event: 5.561 Loading class java/util/ResourceBundle$KeyElementReference
Event: 5.561 Loading class java/util/ResourceBundle$CacheKeyReference
Event: 5.561 Loading class java/util/ResourceBundle$CacheKeyReference done
Event: 5.561 Loading class java/util/ResourceBundle$KeyElementReference done
Event: 5.561 Loading class java/util/ResourceBundle$Control$2
Event: 5.561 Loading class java/util/ResourceBundle$Control$2 done
Event: 5.564 Loading class java/util/PropertyResourceBundle
Event: 5.565 Loading class java/util/PropertyResourceBundle done
Event: 5.565 Loading class sun/util/PropertyResourceBundleCharset
Event: 5.565 Loading class sun/util/PropertyResourceBundleCharset done
Event: 5.565 Loading class sun/util/PropertyResourceBundleCharset$PropertiesFileDecoder
Event: 5.565 Loading class sun/util/PropertyResourceBundleCharset$PropertiesFileDecoder done

Classes unloaded (0 events):
No events

Classes redefined (0 events):
No events

Internal exceptions (20 events):
Event: 5.438 Thread 0x000001aa13723950 Exception <a 'java/lang/ClassNotFoundException'{0x00000000a6777e60}: java/lang/ObjectCustomizer> (0x00000000a6777e60) 
thrown [s\open\src\hotspot\share\classfile\systemDictionary.cpp, line 255]
Event: 5.439 Thread 0x000001aa13723950 Exception <a 'java/lang/ClassNotFoundException'{0x00000000a677e4e8}: org/springframework/aop/framework/ProxyConfigCustomizer> (0x00000000a677e4e8) 
thrown [s\open\src\hotspot\share\classfile\systemDictionary.cpp, line 255]
Event: 5.445 Thread 0x000001aa13723950 Exception <a 'java/lang/ClassNotFoundException'{0x00000000a6789998}: org/springframework/aop/framework/ProxyProcessorSupportCustomizer> (0x00000000a6789998) 
thrown [s\open\src\hotspot\share\classfile\systemDictionary.cpp, line 255]
Event: 5.447 Thread 0x000001aa13723950 Exception <a 'java/lang/ClassNotFoundException'{0x00000000a67918c8}: org/springframework/aop/framework/autoproxy/AbstractAutoProxyCreatorCustomizer> (0x00000000a67918c8) 
thrown [s\open\src\hotspot\share\classfile\systemDictionary.cpp, line 255]
Event: 5.454 Thread 0x000001aa13723950 Exception <a 'java/lang/ClassNotFoundException'{0x00000000a67a5be0}: org/springframework/aop/framework/autoproxy/AbstractAdvisorAutoProxyCreatorCustomizer> (0x00000000a67a5be0) 
thrown [s\open\src\hotspot\share\classfile\systemDictionary.cpp, line 255]
Event: 5.459 Thread 0x000001aa13723950 Exception <a 'java/lang/ClassNotFoundException'{0x00000000a67ad6a8}: org/springframework/aop/framework/autoproxy/InfrastructureAdvisorAutoProxyCreatorCustomizer> (0x00000000a67ad6a8) 
thrown [s\open\src\hotspot\share\classfile\systemDictionary.cpp, line 255]
Event: 5.464 Thread 0x000001aa13723950 Exception <a 'java/lang/ClassNotFoundException'{0x00000000a67bd090}: org/springframework/beans/factory/config/SmartInstantiationAwareBeanPostProcessorCustomizer> (0x00000000a67bd090) 
thrown [s\open\src\hotspot\share\classfile\systemDictionary.cpp, line 255]
Event: 5.466 Thread 0x000001aa13723950 Exception <a 'java/lang/ClassNotFoundException'{0x00000000a67c4810}: org/springframework/beans/factory/config/InstantiationAwareBeanPostProcessorCustomizer> (0x00000000a67c4810) 
thrown [s\open\src\hotspot\share\classfile\systemDictionary.cpp, line 255]
Event: 5.468 Thread 0x000001aa13723950 Exception <a 'java/lang/ClassNotFoundException'{0x00000000a67cb8c0}: org/springframework/beans/factory/config/BeanPostProcessorCustomizer> (0x00000000a67cb8c0) 
thrown [s\open\src\hotspot\share\classfile\systemDictionary.cpp, line 255]
Event: 5.469 Thread 0x000001aa13723950 Exception <a 'java/lang/ClassNotFoundException'{0x00000000a67d04b8}: org/springframework/beans/factory/BeanFactoryAwareCustomizer> (0x00000000a67d04b8) 
thrown [s\open\src\hotspot\share\classfile\systemDictionary.cpp, line 255]
Event: 5.470 Thread 0x000001aa13723950 Exception <a 'java/lang/ClassNotFoundException'{0x00000000a67d5030}: org/springframework/beans/factory/AwareCustomizer> (0x00000000a67d5030) 
thrown [s\open\src\hotspot\share\classfile\systemDictionary.cpp, line 255]
Event: 5.471 Thread 0x000001aa13723950 Exception <a 'java/lang/ClassNotFoundException'{0x00000000a67d80d0}: org/springframework/core/OrderedCustomizer> (0x00000000a67d80d0) 
thrown [s\open\src\hotspot\share\classfile\systemDictionary.cpp, line 255]
Event: 5.472 Thread 0x000001aa13723950 Exception <a 'java/lang/ClassNotFoundException'{0x00000000a67dc050}: org/springframework/beans/factory/BeanClassLoaderAwareCustomizer> (0x00000000a67dc050) 
thrown [s\open\src\hotspot\share\classfile\systemDictionary.cpp, line 255]
Event: 5.475 Thread 0x000001aa13723950 Exception <a 'java/lang/ClassNotFoundException'{0x00000000a67e1578}: org/springframework/beans/factory/AwareCustomizer> (0x00000000a67e1578) 
thrown [s\open\src\hotspot\share\classfile\systemDictionary.cpp, line 255]
Event: 5.475 Thread 0x000001aa13723950 Exception <a 'java/lang/ClassNotFoundException'{0x00000000a67e4cc0}: org/springframework/aop/framework/AopInfrastructureBeanCustomizer> (0x00000000a67e4cc0) 
thrown [s\open\src\hotspot\share\classfile\systemDictionary.cpp, line 255]
Event: 5.478 Thread 0x000001aa13723950 Exception <a 'java/lang/NoSuchMethodError'{0x00000000a67f0eb0}: 'void java.lang.invoke.DirectMethodHandle$Holder.invokeVirtual(java.lang.Object, java.lang.Object, int)'> (0x00000000a67f0eb0) 
thrown [s\open\src\hotspot\share\interpreter\linkResolver.cpp, line 774]
Event: 5.479 Thread 0x000001aa13723950 Exception <a 'java/lang/NoSuchMethodError'{0x00000000a67f50b8}: 'int java.lang.invoke.DirectMethodHandle$Holder.invokeSpecial(java.lang.Object, java.lang.Object, java.lang.Object, int)'> (0x00000000a67f50b8) 
thrown [s\open\src\hotspot\share\interpreter\linkResolver.cpp, line 774]
Event: 5.491 Thread 0x000001aa13723950 Exception <a 'java/lang/NoSuchMethodError'{0x00000000a66076a8}: 'java.lang.Object java.lang.invoke.DirectMethodHandle$Holder.invokeStatic(java.lang.Object, java.lang.Object, java.lang.Object, java.lang.Object, int)'> (0x00000000a66076a8) 
thrown [s\open\src\hotspot\share\interpreter\linkResolver.cpp, line 774]
Event: 5.493 Thread 0x000001aa13723950 Exception <a 'java/lang/NoSuchMethodError'{0x00000000a6612b68}: 'void java.lang.invoke.DelegatingMethodHandle$Holder.reinvoke_L(java.lang.Object, java.lang.Object, int)'> (0x00000000a6612b68) 
thrown [s\open\src\hotspot\share\interpreter\linkResolver.cpp, line 774]
Event: 5.521 Thread 0x000001aa13723950 Exception <a 'java/lang/NoSuchMethodError'{0x00000000a666b9d8}: 'java.lang.Object java.lang.invoke.DirectMethodHandle$Holder.invokeVirtual(java.lang.Object, java.lang.Object, java.lang.Object, java.lang.Object, java.lang.Object)'> (0x00000000a666b9d8) 
thrown [s\open\src\hotspot\share\interpreter\linkResolver.cpp, line 774]

VM Operations (20 events):
Event: 3.063 Executing VM operation: ICBufferFull
Event: 3.064 Executing VM operation: ICBufferFull done
Event: 3.355 Executing VM operation: HandshakeAllThreads
Event: 3.355 Executing VM operation: HandshakeAllThreads done
Event: 3.442 Executing VM operation: HandshakeAllThreads
Event: 3.442 Executing VM operation: HandshakeAllThreads done
Event: 3.532 Executing VM operation: HandshakeAllThreads
Event: 3.532 Executing VM operation: HandshakeAllThreads done
Event: 4.075 Executing VM operation: G1CollectForAllocation
Event: 4.090 Executing VM operation: G1CollectForAllocation done
Event: 4.570 Executing VM operation: HandshakeAllThreads
Event: 4.570 Executing VM operation: HandshakeAllThreads done
Event: 4.811 Executing VM operation: ICBufferFull
Event: 4.812 Executing VM operation: ICBufferFull done
Event: 5.142 Executing VM operation: HandshakeAllThreads
Event: 5.142 Executing VM operation: HandshakeAllThreads done
Event: 5.433 Executing VM operation: HandshakeAllThreads
Event: 5.433 Executing VM operation: HandshakeAllThreads done
Event: 5.434 Executing VM operation: HandshakeAllThreads
Event: 5.434 Executing VM operation: HandshakeAllThreads done

Events (19 events):
Event: 0.046 Thread 0x000001aa6e66f450 Thread added: 0x000001aa6e66f450
Event: 0.072 Thread 0x000001aa7be7c520 Thread added: 0x000001aa7be7c520
Event: 0.073 Thread 0x000001aa7be7d4b0 Thread added: 0x000001aa7be7d4b0
Event: 0.073 Thread 0x000001aa7be819d0 Thread added: 0x000001aa7be819d0
Event: 0.073 Thread 0x000001aa7be868d0 Thread added: 0x000001aa7be868d0
Event: 0.074 Thread 0x000001aa7be87b40 Thread added: 0x000001aa7be87b40
Event: 0.074 Thread 0x000001aa7be89620 Thread added: 0x000001aa7be89620
Event: 0.074 Thread 0x000001aa7be8bbd0 Thread added: 0x000001aa7be8bbd0
Event: 0.074 Thread 0x000001aa7be92580 Thread added: 0x000001aa7be92580
Event: 0.074 Thread 0x000001aa7be947e0 Thread added: 0x000001aa7be947e0
Event: 0.172 Thread 0x000001aa131929d0 Thread added: 0x000001aa131929d0
Event: 0.351 Thread 0x000001aa133e9530 Thread added: 0x000001aa133e9530
Event: 0.351 Thread 0x000001aa133e9a70 Thread added: 0x000001aa133e9a70
Event: 1.470 Thread 0x000001aa13722bf0 Thread added: 0x000001aa13722bf0
Event: 1.487 Thread 0x000001aa13723950 Thread added: 0x000001aa13723950
Event: 2.589 Thread 0x000001aa13c9ced0 Thread added: 0x000001aa13c9ced0
Event: 3.405 Thread 0x000001aa13c9ced0 Thread exited: 0x000001aa13c9ced0
Event: 3.749 Thread 0x000001aa14077330 Thread added: 0x000001aa14077330
Event: 3.851 Thread 0x000001aa14077330 Thread exited: 0x000001aa14077330


Dynamic libraries:
0x00007ff6909a0000 - 0x00007ff6909ae000 	C:\Users\Utente-PC\.jdks\openjdk-19.0.2\bin\java.exe
0x00007ffe69390000 - 0x00007ffe69588000 	C:\Windows\SYSTEM32\ntdll.dll
0x00007ffe67fd0000 - 0x00007ffe6808f000 	C:\Windows\System32\KERNEL32.DLL
0x00007ffe66b80000 - 0x00007ffe66e76000 	C:\Windows\System32\KERNELBASE.dll
0x00007ffe67130000 - 0x00007ffe67230000 	C:\Windows\System32\ucrtbase.dll
0x00007ffe60f70000 - 0x00007ffe60f87000 	C:\Users\Utente-PC\.jdks\openjdk-19.0.2\bin\jli.dll
0x00007ffe67d20000 - 0x00007ffe67ebd000 	C:\Windows\System32\USER32.dll
0x00007ffe672a0000 - 0x00007ffe672c2000 	C:\Windows\System32\win32u.dll
0x00007ffe69320000 - 0x00007ffe6934c000 	C:\Windows\System32\GDI32.dll
0x00007ffe672d0000 - 0x00007ffe673e5000 	C:\Windows\System32\gdi32full.dll
0x00007ffe67090000 - 0x00007ffe6712d000 	C:\Windows\System32\msvcp_win.dll
0x00007ffe57860000 - 0x00007ffe5787b000 	C:\Users\Utente-PC\.jdks\openjdk-19.0.2\bin\VCRUNTIME140.dll
0x00007ffe542d0000 - 0x00007ffe5456a000 	C:\Windows\WinSxS\amd64_microsoft.windows.common-controls_6595b64144ccf1df_6.0.19041.1110_none_60b5254171f9507e\COMCTL32.dll
0x00007ffe674c0000 - 0x00007ffe6755e000 	C:\Windows\System32\msvcrt.dll
0x00007ffe68d80000 - 0x00007ffe68db0000 	C:\Windows\System32\IMM32.DLL
0x00007ffe62460000 - 0x00007ffe6246c000 	C:\Users\Utente-PC\.jdks\openjdk-19.0.2\bin\vcruntime140_1.dll
0x00007ffe51090000 - 0x00007ffe5111e000 	C:\Users\Utente-PC\.jdks\openjdk-19.0.2\bin\msvcp140.dll
0x00007ffe3aae0000 - 0x00007ffe3b7a0000 	C:\Users\Utente-PC\.jdks\openjdk-19.0.2\bin\server\jvm.dll
0x00007ffe678c0000 - 0x00007ffe6796f000 	C:\Windows\System32\ADVAPI32.dll
0x00007ffe69150000 - 0x00007ffe691ec000 	C:\Windows\System32\sechost.dll
0x00007ffe67b00000 - 0x00007ffe67c26000 	C:\Windows\System32\RPCRT4.dll
0x00007ffe641d0000 - 0x00007ffe641d9000 	C:\Windows\SYSTEM32\WSOCK32.dll
0x00007ffe679e0000 - 0x00007ffe67a4b000 	C:\Windows\System32\WS2_32.dll
0x00007ffe570a0000 - 0x00007ffe570c7000 	C:\Windows\SYSTEM32\WINMM.dll
0x00007ffe566f0000 - 0x00007ffe566fa000 	C:\Windows\SYSTEM32\VERSION.dll
0x00007ffe652b0000 - 0x00007ffe652c2000 	C:\Windows\SYSTEM32\kernel.appcore.dll
0x00007ffe610b0000 - 0x00007ffe610ba000 	C:\Users\Utente-PC\.jdks\openjdk-19.0.2\bin\jimage.dll
0x00007ffe554a0000 - 0x00007ffe55684000 	C:\Windows\SYSTEM32\DBGHELP.DLL
0x00007ffe54f40000 - 0x00007ffe54f74000 	C:\Windows\SYSTEM32\dbgcore.DLL
0x00007ffe66a70000 - 0x00007ffe66af2000 	C:\Windows\System32\bcryptPrimitives.dll
0x00007ffe5ee40000 - 0x00007ffe5ee4e000 	C:\Users\Utente-PC\.jdks\openjdk-19.0.2\bin\instrument.dll
0x00007ffe52a80000 - 0x00007ffe52aa6000 	C:\Users\Utente-PC\.jdks\openjdk-19.0.2\bin\java.dll
0x00007ffe48570000 - 0x00007ffe48647000 	C:\Users\Utente-PC\.jdks\openjdk-19.0.2\bin\jsvml.dll
0x00007ffe68630000 - 0x00007ffe68d74000 	C:\Windows\System32\SHELL32.dll
0x00007ffe64b10000 - 0x00007ffe652a3000 	C:\Windows\SYSTEM32\windows.storage.dll
0x00007ffe67560000 - 0x00007ffe678b4000 	C:\Windows\System32\combase.dll
0x00007ffe663f0000 - 0x00007ffe6641e000 	C:\Windows\SYSTEM32\Wldp.dll
0x00007ffe67ec0000 - 0x00007ffe67f6d000 	C:\Windows\System32\SHCORE.dll
0x00007ffe68e40000 - 0x00007ffe68e95000 	C:\Windows\System32\shlwapi.dll
0x00007ffe669b0000 - 0x00007ffe669cf000 	C:\Windows\SYSTEM32\profapi.dll
0x00007ffe529e0000 - 0x00007ffe529f8000 	C:\Users\Utente-PC\.jdks\openjdk-19.0.2\bin\zip.dll
0x00007ffe57580000 - 0x00007ffe57593000 	C:\Users\Utente-PC\.jdks\openjdk-19.0.2\bin\net.dll
0x00007ffe60590000 - 0x00007ffe6069a000 	C:\Windows\SYSTEM32\WINHTTP.dll
0x00007ffe66150000 - 0x00007ffe661ba000 	C:\Windows\system32\mswsock.dll
0x00007ffe52d30000 - 0x00007ffe52d46000 	C:\Users\Utente-PC\.jdks\openjdk-19.0.2\bin\nio.dll
0x00007ffe5ecb0000 - 0x00007ffe5ecca000 	C:\Program Files\JetBrains\IntelliJ IDEA Community Edition 2022.2.1\bin\breakgen64.dll
0x00007ffe60dc0000 - 0x00007ffe60dc8000 	C:\Users\Utente-PC\.jdks\openjdk-19.0.2\bin\extnet.dll
0x00007ffe58560000 - 0x00007ffe58570000 	C:\Users\Utente-PC\.jdks\openjdk-19.0.2\bin\verify.dll
0x00007ffe5ee30000 - 0x00007ffe5ee3a000 	C:\Users\Utente-PC\.jdks\openjdk-19.0.2\bin\management.dll
0x00007ffe5eca0000 - 0x00007ffe5ecab000 	C:\Users\Utente-PC\.jdks\openjdk-19.0.2\bin\management_ext.dll
0x00007ffe67c30000 - 0x00007ffe67c38000 	C:\Windows\System32\PSAPI.DLL
0x00007ffe52550000 - 0x00007ffe52567000 	C:\Windows\system32\napinsp.dll
0x00007ffe52530000 - 0x00007ffe5254b000 	C:\Windows\system32\pnrpnsp.dll
0x00007ffe60be0000 - 0x00007ffe60bf5000 	C:\Windows\system32\wshbth.dll
0x00007ffe62380000 - 0x00007ffe6239d000 	C:\Windows\system32\NLAapi.dll
0x00007ffe65e40000 - 0x00007ffe65e7c000 	C:\Windows\SYSTEM32\IPHLPAPI.DLL
0x00007ffe65e80000 - 0x00007ffe65f4b000 	C:\Windows\SYSTEM32\DNSAPI.dll
0x00007ffe67970000 - 0x00007ffe67978000 	C:\Windows\System32\NSI.dll
0x00007ffe52460000 - 0x00007ffe52472000 	C:\Windows\System32\winrnr.dll
0x00007ffe5cd50000 - 0x00007ffe5cd5a000 	C:\Windows\System32\rasadhlp.dll
0x00007ffe5c890000 - 0x00007ffe5c912000 	C:\Windows\System32\fwpuclnt.dll
0x00007ffe66b50000 - 0x00007ffe66b77000 	C:\Windows\System32\bcrypt.dll

dbghelp: loaded successfully - version: 4.0.5 - missing functions: none
symbol engine: initialized successfully - sym options: 0x614 - pdb path: .;C:\Users\Utente-PC\.jdks\openjdk-19.0.2\bin;C:\Windows\SYSTEM32;C:\Windows\WinSxS\amd64_microsoft.windows.common-controls_6595b64144ccf1df_6.0.19041.1110_none_60b5254171f9507e;C:\Users\Utente-PC\.jdks\openjdk-19.0.2\bin\server;C:\Program Files\JetBrains\IntelliJ IDEA Community Edition 2022.2.1\bin

VM Arguments:
jvm_args: -javaagent:C:\Program Files\JetBrains\IntelliJ IDEA Community Edition 2022.2.1\lib\idea_rt.jar=49184:C:\Program Files\JetBrains\IntelliJ IDEA Community Edition 2022.2.1\bin -Dfile.encoding=UTF-8 -Dsun.stdout.encoding=UTF-8 -Dsun.stderr.encoding=UTF-8 
java_command: co.develhope.interceptorsmiddleware2.InterceptorsMiddleware2Application
java_class_path (initial): C:\Users\Utente-PC\Documents\Develhope\interceptors-middleware-2\interceptors-middleware-2\target\classes;C:\Users\Utente-PC\.m2\repository\org\springframework\boot\spring-boot-starter-web\2.6.6\spring-boot-starter-web-2.6.6.jar;C:\Users\Utente-PC\.m2\repository\org\springframework\boot\spring-boot-starter\2.6.6\spring-boot-starter-2.6.6.jar;C:\Users\Utente-PC\.m2\repository\org\springframework\boot\spring-boot-starter-logging\2.6.6\spring-boot-starter-logging-2.6.6.jar;C:\Users\Utente-PC\.m2\repository\ch\qos\logback\logback-classic\1.2.11\logback-classic-1.2.11.jar;C:\Users\Utente-PC\.m2\repository\ch\qos\logback\logback-core\1.2.11\logback-core-1.2.11.jar;C:\Users\Utente-PC\.m2\repository\org\apache\logging\log4j\log4j-to-slf4j\2.17.2\log4j-to-slf4j-2.17.2.jar;C:\Users\Utente-PC\.m2\repository\org\apache\logging\log4j\log4j-api\2.17.2\log4j-api-2.17.2.jar;C:\Users\Utente-PC\.m2\repository\org\slf4j\jul-to-slf4j\1.7.36\jul-to-slf4j-1.7.36.jar;C:\Users\Utente-PC\.m2\repository\jakarta\annotation\jakarta.annotation-api\1.3.5\jakarta.annotation-api-1.3.5.jar;C:\Users\Utente-PC\.m2\repository\org\yaml\snakeyaml\1.29\snakeyaml-1.29.jar;C:\Users\Utente-PC\.m2\repository\org\springframework\boot\spring-boot-starter-json\2.6.6\spring-boot-starter-json-2.6.6.jar;C:\Users\Utente-PC\.m2\repository\com\fasterxml\jackson\core\jackson-databind\2.13.2.2\jackson-databind-2.13.2.2.jar;C:\Users\Utente-PC\.m2\repository\com\fasterxml\jackson\core\jackson-annotations\2.13.2\jackson-annotations-2.13.2.jar;C:\Users\Utente-PC\.m2\repository\com\fasterxml\jackson\core\jackson-core\2.13.2\jackson-core-2.13.2.jar;C:\Users\Utente-PC\.m2\repository\com\fasterxml\jackson\datatype\jackson-datatype-jdk8\2.13.2\jackson-datatype-jdk8-2.13.2.jar;C:\Users\Utente-PC\.m2\repository\com\fasterxml\jackson\datatype\jackson-datatype-jsr310\2.13.2\jackson-datatype-jsr310-2.13.2.jar;C:\Users\Utente-PC\.m2\repository\com\fasterxml\jackson\module\jackson-module-parameter-names\2.13.2\jackson-module-parameter-names-2.13.2.jar;C:\Users\Utente-PC\.m2\repository\org\springframework\boot\spring-boot-starter-tomcat\2.6.6\spring-boot-starter-tomcat-2.6.6.jar;C:\Users\Utente-PC\.m2\repository\org\apache\tomcat\embed\tomcat-embed-core\9.0.60\tomcat-embed-core-9.0.60.jar;C:\Users\Utente-PC\.m2\repository\org\apache\tomcat\embed\tomcat-embed-el\9.0.60\tomcat-embed-el-9.0.60.jar;C:\Users\Utente-PC\.m2\repository\org\apache\tomcat\embed\tomcat-embed-websocket\9.0.60\tomcat-embed-websocket-9.0.60.jar;C:\Users\Utente-PC\.m2\repository\org\springframework\spring-web\5.3.18\spring-web-5.3.18.jar;C:\Users\Utente-PC\.m2\repository\org\springframework\spring-beans\5.3.18\spring-beans-5.3.18.jar;C:\Users\Utente-PC\.m2\repository\org\springframework\spring-webmvc\5.3.18\spring-webmvc-5.3.18.jar;C:\Users\Utente-PC\.m2\repository\org\springframework\spring-aop\5.3.18\spring-aop-5.3.18.jar;C:\Users\Utente-PC\.m2\repository\org\springframework\spring-context\5.3.18\spring-context-5.3.18.jar;C:\Users\Utente-PC\.m2\repository\org\springframework\spring-expression\5.3.18\spring-expression-5.3.18.jar;C:\Users\Utente-PC\.m2\repository\org\springframework\boot\spring-boot-devtools\2.6.6\spring-boot-devtools-2.6.6.jar;C:\Users\Utente-PC\.m2\repository\org\springframework\boot\spring-boot\2.6.6\spring-boot-2.6.6.jar;C:\Users\Utente-PC\.m2\repository\org\springframework\boot\spring-boot-autoconfigure\2.6.6\spring-boot-autoconfigure-2.6.6.jar;C:\Users\Utente-PC\.m2\repository\org\projectlombok\lombok\1.18.22\lombok-1.18.22.jar;C:\Users\Utente-PC\.m2\repository\org\slf4j\slf4j-api\1.7.36\slf4j-api-1.7.36.jar;C:\Users\Utente-PC\.m2\repository\org\springframework\spring-core\5.3.18\spring-core-5.3.18.jar;C:\Users\Utente-PC\.m2\repository\org\springframework\spring-jcl\5.3.18\spring-jcl-5.3.18.jar
Launcher Type: SUN_STANDARD

[Global flags]
     intx CICompilerCount                          = 2                                         {product} {ergonomic}
     uint ConcGCThreads                            = 1                                         {product} {ergonomic}
     uint G1ConcRefinementThreads                  = 2                                         {product} {ergonomic}
   size_t G1HeapRegionSize                         = 1048576                                   {product} {ergonomic}
    uintx GCDrainStackTargetSize                   = 64                                        {product} {ergonomic}
   size_t InitialHeapSize                          = 100663296                                 {product} {ergonomic}
   size_t MarkStackSize                            = 4194304                                   {product} {ergonomic}
   size_t MaxHeapSize                              = 1583349760                                {product} {ergonomic}
   size_t MaxNewSize                               = 950009856                                 {product} {ergonomic}
   size_t MinHeapDeltaBytes                        = 1048576                                   {product} {ergonomic}
   size_t MinHeapSize                              = 8388608                                   {product} {ergonomic}
    uintx NonNMethodCodeHeapSize                   = 5826188                                {pd product} {ergonomic}
    uintx NonProfiledCodeHeapSize                  = 122916026                              {pd product} {ergonomic}
    uintx ProfiledCodeHeapSize                     = 122916026                              {pd product} {ergonomic}
    uintx ReservedCodeCacheSize                    = 251658240                              {pd product} {ergonomic}
     bool SegmentedCodeCache                       = true                                      {product} {ergonomic}
   size_t SoftMaxHeapSize                          = 1583349760                             {manageable} {ergonomic}
     bool UseCompressedClassPointers               = true                           {product lp64_product} {ergonomic}
     bool UseCompressedOops                        = true                           {product lp64_product} {ergonomic}
     bool UseG1GC                                  = true                                      {product} {ergonomic}
     bool UseLargePagesIndividualAllocation        = false                                  {pd product} {ergonomic}

Logging:
Log output configuration:
 #0: stdout all=warning uptime,level,tags foldmultilines=false
 #1: stderr all=off uptime,level,tags foldmultilines=false

Environment Variables:
PATH=C:\Program Files\Common Files\Oracle\Java\javapath;C:\Program Files (x86)\NVIDIA Corporation\PhysX\Common;C:\Windows\system32;C:\Windows;C:\Windows\System32\Wbem;C:\Windows\System32\WindowsPowerShell\v1.0\;C:\Program Files\nodejs\;C:\Program Files\Git\cmd;C:\Program Files\MySQL\MySQL Shell 8.0\bin\;C:\Users\Utente-PC\AppData\Local\Microsoft\WindowsApps;;C:\Users\Utente-PC\AppData\Local\Programs\Microsoft VS Code\bin;C:\Users\Utente-PC\AppData\Roaming\npm
USERNAME=Utente-PC
OS=Windows_NT
PROCESSOR_IDENTIFIER=Intel64 Family 6 Model 42 Stepping 7, GenuineIntel
TMP=C:\Users\UTENTE~1\AppData\Local\Temp
TEMP=C:\Users\UTENTE~1\AppData\Local\Temp



---------------  S Y S T E M  ---------------

OS:
 Windows 10 , 64 bit Build 19041 (10.0.19041.2913)
OS uptime: 0 days 21:12 hours

CPU: total 2 (initial active 2) (2 cores per cpu, 1 threads per core) family 6 model 42 stepping 7 microcode 0x2f, cx8, cmov, fxsr, mmx, sse, sse2, sse3, ssse3, sse4.1, sse4.2, popcnt, tsc, tscinvbit, clmul, clflush, rdtscp

Memory: 4k page, system-wide physical 6033M (929M free)
TotalPageFile size 6033M (AvailPageFile size 6M)
current process WorkingSet (physical memory assigned to process): 139M, peak: 141M
current process commit charge ("private bytes"): 218M, peak: 219M

vm_info: OpenJDK 64-Bit Server VM (19.0.2+7-44) for windows-amd64 JRE (19.0.2+7-44), built on 2022-11-30T18:02:09Z by "mach5one" with MS VC++ 17.1 (VS2022)

END.
